<?xml version="1.0" encoding="UTF-8"?>
<testng-results ignored="0" total="1" passed="1" failed="0" skipped="0">
  <reporter-output>
  </reporter-output>
  <suite started-at="2023-10-04T20:50:36 IST" name="Default suite" finished-at="2023-10-04T20:50:50 IST" duration-ms="14564">
    <groups>
    </groups>
    <test started-at="2023-10-04T20:50:36 IST" name="Default test" finished-at="2023-10-04T20:50:50 IST" duration-ms="14564">
      <class name="demo2.finalproj">
        <test-method signature="testGoogleSearchAndFlipkart()[pri:0, instance:demo2.finalproj@4c1909a3]" started-at="2023-10-04T20:50:36 IST" name="testGoogleSearchAndFlipkart" finished-at="2023-10-04T20:50:50 IST" duration-ms="14490" status="PASS">
          <reporter-output>
          </reporter-output>
        </test-method> <!-- testGoogleSearchAndFlipkart -->
      </class> <!-- demo2.finalproj -->
    </test> <!-- Default test -->
  </suite> <!-- Default suite -->
</testng-results>
